<?xml version="1.0" encoding="UTF-8"?>
<testng-results ignored="0" total="2" passed="2" failed="0" skipped="0">
  <reporter-output>
  </reporter-output>
  <suite started-at="2023-03-15T16:57:36 IST" name="Default suite" finished-at="2023-03-15T16:57:53 IST" duration-ms="17280">
    <groups>
    </groups>
    <test started-at="2023-03-15T16:57:36 IST" name="Default test" finished-at="2023-03-15T16:57:53 IST" duration-ms="17280">
      <class name="tests.TestClass">
        <test-method is-config="true" signature="setUp()[pri:0, instance:tests.TestClass@9f116cc]" started-at="2023-03-15T16:57:36 IST" name="setUp" finished-at="2023-03-15T16:57:53 IST" duration-ms="16846" status="PASS">
          <reporter-output>
          </reporter-output>
        </test-method> <!-- setUp -->
        <test-method signature="verifyTitleTest()[pri:1, instance:tests.TestClass@9f116cc]" started-at="2023-03-15T16:57:53 IST" name="verifyTitleTest" finished-at="2023-03-15T16:57:53 IST" duration-ms="31" status="PASS">
          <reporter-output>
          </reporter-output>
        </test-method> <!-- verifyTitleTest -->
        <test-method signature="logoTest()[pri:2, instance:tests.TestClass@9f116cc]" started-at="2023-03-15T16:57:53 IST" name="logoTest" finished-at="2023-03-15T16:57:53 IST" duration-ms="120" status="PASS">
          <reporter-output>
          </reporter-output>
        </test-method> <!-- logoTest -->
        <test-method is-config="true" signature="tearDown()[pri:0, instance:tests.TestClass@9f116cc]" started-at="2023-03-15T16:57:53 IST" name="tearDown" finished-at="2023-03-15T16:57:53 IST" duration-ms="185" status="PASS">
          <reporter-output>
          </reporter-output>
        </test-method> <!-- tearDown -->
      </class> <!-- tests.TestClass -->
    </test> <!-- Default test -->
  </suite> <!-- Default suite -->
</testng-results>
